2022-12-02 10:23:27.787  INFO 4308 --- [main] com.example.demo.DemoApplication         : Starting DemoApplication using Java 11.0.12 on ctsjava1571 with PID 4308 (D:\spring udemy\demo\target\classes started by cogjava3253 in D:\spring udemy\demo)
2022-12-02 10:23:27.791  INFO 4308 --- [main] com.example.demo.DemoApplication         : No active profile set, falling back to 1 default profile: "default"
2022-12-02 10:23:28.448  INFO 4308 --- [main] .s.d.r.c.RepositoryConfigurationDelegate : Bootstrapping Spring Data JPA repositories in DEFAULT mode.
2022-12-02 10:23:28.510  INFO 4308 --- [main] .s.d.r.c.RepositoryConfigurationDelegate : Finished Spring Data repository scanning in 52 ms. Found 3 JPA repository interfaces.
2022-12-02 10:23:29.105  INFO 4308 --- [main] o.s.b.w.embedded.tomcat.TomcatWebServer  : Tomcat initialized with port(s): 8080 (http)
2022-12-02 10:23:29.114  INFO 4308 --- [main] o.apache.catalina.core.StandardService   : Starting service [Tomcat]
2022-12-02 10:23:29.114  INFO 4308 --- [main] org.apache.catalina.core.StandardEngine  : Starting Servlet engine: [Apache Tomcat/9.0.68]
2022-12-02 10:23:29.245  INFO 4308 --- [main] o.a.c.c.C.[Tomcat].[localhost].[/]       : Initializing Spring embedded WebApplicationContext
2022-12-02 10:23:29.246  INFO 4308 --- [main] w.s.c.ServletWebServerApplicationContext : Root WebApplicationContext: initialization completed in 1399 ms
2022-12-02 10:23:29.343  INFO 4308 --- [main] com.zaxxer.hikari.HikariDataSource       : HikariPool-1 - Starting...
2022-12-02 10:23:29.624  INFO 4308 --- [main] com.zaxxer.hikari.HikariDataSource       : HikariPool-1 - Start completed.
2022-12-02 10:23:29.670  INFO 4308 --- [main] o.hibernate.jpa.internal.util.LogHelper  : HHH000204: Processing PersistenceUnitInfo [name: default]
2022-12-02 10:23:29.710  INFO 4308 --- [main] org.hibernate.Version                    : HHH000412: Hibernate ORM core version 5.6.12.Final
2022-12-02 10:23:29.849  INFO 4308 --- [main] o.hibernate.annotations.common.Version   : HCANN000001: Hibernate Commons Annotations {5.1.2.Final}
2022-12-02 10:23:29.947  INFO 4308 --- [main] org.hibernate.dialect.Dialect            : HHH000400: Using dialect: org.hibernate.dialect.MySQL57Dialect
2022-12-02 10:23:30.481  INFO 4308 --- [main] o.h.e.t.j.p.i.JtaPlatformInitiator       : HHH000490: Using JtaPlatform implementation: [org.hibernate.engine.transaction.jta.platform.internal.NoJtaPlatform]
2022-12-02 10:23:30.491  INFO 4308 --- [main] j.LocalContainerEntityManagerFactoryBean : Initialized JPA EntityManagerFactory for persistence unit 'default'
2022-12-02 10:23:31.118  WARN 4308 --- [main] JpaBaseConfiguration$JpaWebConfiguration : spring.jpa.open-in-view is enabled by default. Therefore, database queries may be performed during view rendering. Explicitly configure spring.jpa.open-in-view to disable this warning
2022-12-02 10:23:31.231  INFO 4308 --- [main] pertySourcedRequestMappingHandlerMapping : Mapped URL path [/v2/api-docs] onto method [springfox.documentation.swagger2.web.Swagger2Controller#getDocumentation(String, HttpServletRequest)]
2022-12-02 10:23:31.480  INFO 4308 --- [main] o.s.b.w.embedded.tomcat.TomcatWebServer  : Tomcat started on port(s): 8080 (http) with context path ''
2022-12-02 10:23:31.481  INFO 4308 --- [main] d.s.w.p.DocumentationPluginsBootstrapper : Context refreshed
2022-12-02 10:23:31.497  INFO 4308 --- [main] d.s.w.p.DocumentationPluginsBootstrapper : Found 1 custom documentation plugin(s)
2022-12-02 10:23:31.528  INFO 4308 --- [main] s.d.s.w.s.ApiListingReferenceScanner     : Scanning for api listing references
2022-12-02 10:23:31.700  INFO 4308 --- [main] com.example.demo.DemoApplication         : Started DemoApplication in 4.251 seconds (JVM running for 4.921)
2022-12-02 10:59:52.859  INFO 4308 --- [RMI TCP Connection(7)-127.0.0.1] inMXBeanRegistrar$SpringApplicationAdmin : Application shutdown requested.
2022-12-02 10:59:52.878  INFO 4308 --- [RMI TCP Connection(7)-127.0.0.1] o.apache.catalina.core.StandardService   : Stopping service [Tomcat]
2022-12-02 10:59:52.898  INFO 4308 --- [RMI TCP Connection(7)-127.0.0.1] j.LocalContainerEntityManagerFactoryBean : Closing JPA EntityManagerFactory for persistence unit 'default'
2022-12-02 10:59:52.901  INFO 4308 --- [RMI TCP Connection(7)-127.0.0.1] com.zaxxer.hikari.HikariDataSource       : HikariPool-1 - Shutdown initiated...
2022-12-02 10:59:52.922  INFO 4308 --- [RMI TCP Connection(7)-127.0.0.1] com.zaxxer.hikari.HikariDataSource       : HikariPool-1 - Shutdown completed.
2022-12-02 11:03:10.294  INFO 3784 --- [main] com.example.demo.DemoApplication         : Starting DemoApplication using Java 11.0.12 on ctsjava1571 with PID 3784 (D:\spring udemy\demo\target\classes started by cogjava3253 in D:\spring udemy\demo)
2022-12-02 11:03:10.296  INFO 3784 --- [main] com.example.demo.DemoApplication         : No active profile set, falling back to 1 default profile: "default"
2022-12-02 11:03:10.936  INFO 3784 --- [main] .s.d.r.c.RepositoryConfigurationDelegate : Bootstrapping Spring Data JPA repositories in DEFAULT mode.
2022-12-02 11:03:10.992  INFO 3784 --- [main] .s.d.r.c.RepositoryConfigurationDelegate : Finished Spring Data repository scanning in 48 ms. Found 3 JPA repository interfaces.
2022-12-02 11:03:11.604  INFO 3784 --- [main] o.s.b.w.embedded.tomcat.TomcatWebServer  : Tomcat initialized with port(s): 8080 (http)
2022-12-02 11:03:11.611  INFO 3784 --- [main] o.apache.catalina.core.StandardService   : Starting service [Tomcat]
2022-12-02 11:03:11.612  INFO 3784 --- [main] org.apache.catalina.core.StandardEngine  : Starting Servlet engine: [Apache Tomcat/9.0.68]
2022-12-02 11:03:11.794  INFO 3784 --- [main] o.a.c.c.C.[Tomcat].[localhost].[/]       : Initializing Spring embedded WebApplicationContext
2022-12-02 11:03:11.794  INFO 3784 --- [main] w.s.c.ServletWebServerApplicationContext : Root WebApplicationContext: initialization completed in 1441 ms
2022-12-02 11:03:11.887  INFO 3784 --- [main] com.zaxxer.hikari.HikariDataSource       : HikariPool-1 - Starting...
2022-12-02 11:03:12.182  INFO 3784 --- [main] com.zaxxer.hikari.HikariDataSource       : HikariPool-1 - Start completed.
2022-12-02 11:03:12.242  INFO 3784 --- [main] o.hibernate.jpa.internal.util.LogHelper  : HHH000204: Processing PersistenceUnitInfo [name: default]
2022-12-02 11:03:12.289  INFO 3784 --- [main] org.hibernate.Version                    : HHH000412: Hibernate ORM core version 5.6.12.Final
2022-12-02 11:03:12.421  INFO 3784 --- [main] o.hibernate.annotations.common.Version   : HCANN000001: Hibernate Commons Annotations {5.1.2.Final}
2022-12-02 11:03:12.537  INFO 3784 --- [main] org.hibernate.dialect.Dialect            : HHH000400: Using dialect: org.hibernate.dialect.MySQL57Dialect
2022-12-02 11:03:13.081  INFO 3784 --- [main] o.h.e.t.j.p.i.JtaPlatformInitiator       : HHH000490: Using JtaPlatform implementation: [org.hibernate.engine.transaction.jta.platform.internal.NoJtaPlatform]
2022-12-02 11:03:13.090  INFO 3784 --- [main] j.LocalContainerEntityManagerFactoryBean : Initialized JPA EntityManagerFactory for persistence unit 'default'
2022-12-02 11:03:13.707  WARN 3784 --- [main] JpaBaseConfiguration$JpaWebConfiguration : spring.jpa.open-in-view is enabled by default. Therefore, database queries may be performed during view rendering. Explicitly configure spring.jpa.open-in-view to disable this warning
2022-12-02 11:03:13.824  INFO 3784 --- [main] pertySourcedRequestMappingHandlerMapping : Mapped URL path [/v2/api-docs] onto method [springfox.documentation.swagger2.web.Swagger2Controller#getDocumentation(String, HttpServletRequest)]
2022-12-02 11:03:14.084  INFO 3784 --- [main] o.s.b.w.embedded.tomcat.TomcatWebServer  : Tomcat started on port(s): 8080 (http) with context path ''
2022-12-02 11:03:14.086  INFO 3784 --- [main] d.s.w.p.DocumentationPluginsBootstrapper : Context refreshed
2022-12-02 11:03:14.101  INFO 3784 --- [main] d.s.w.p.DocumentationPluginsBootstrapper : Found 1 custom documentation plugin(s)
2022-12-02 11:03:14.129  INFO 3784 --- [main] s.d.s.w.s.ApiListingReferenceScanner     : Scanning for api listing references
2022-12-02 11:03:14.305  INFO 3784 --- [main] com.example.demo.DemoApplication         : Started DemoApplication in 4.34 seconds (JVM running for 5.0)
2022-12-02 11:05:37.792  INFO 3784 --- [RMI TCP Connection(4)-127.0.0.1] inMXBeanRegistrar$SpringApplicationAdmin : Application shutdown requested.
2022-12-02 11:05:37.811  INFO 3784 --- [RMI TCP Connection(4)-127.0.0.1] o.apache.catalina.core.StandardService   : Stopping service [Tomcat]
2022-12-02 11:05:37.833  INFO 3784 --- [RMI TCP Connection(4)-127.0.0.1] j.LocalContainerEntityManagerFactoryBean : Closing JPA EntityManagerFactory for persistence unit 'default'
2022-12-02 11:05:37.836  INFO 3784 --- [RMI TCP Connection(4)-127.0.0.1] com.zaxxer.hikari.HikariDataSource       : HikariPool-1 - Shutdown initiated...
2022-12-02 11:05:37.860  INFO 3784 --- [RMI TCP Connection(4)-127.0.0.1] com.zaxxer.hikari.HikariDataSource       : HikariPool-1 - Shutdown completed.
